<?xml version="1.0" encoding="UTF-8"?>
<!-- Generated by org.testng.reporters.JUnitReportReporter -->
<testsuite hostname="Sumedh" failures="0" tests="1" name="testCases.TC_001_AccountRegistration" time="5.636" errors="0" timestamp="2022-03-30T11:43:59 AEDT" skipped="0">
  <testcase classname="testCases.TC_001_AccountRegistration" name="test_account_Registration" time="5.636"/>
  <system-out/>
</testsuite> <!-- testCases.TC_001_AccountRegistration -->
